2022-08-19 07:34:39 +0000  Initial pipeline context: <IDEDistributionProcessingPipelineContext: 0x7fcb7cb70380; archive(resolved)="<IDEArchive: 0x7fcb7cb60040>", distributionTask(resolved)="2", distributionDestination(resolved)="1", distributionMethod(resolved)="<IDEDistributionMethodDevelopmentSigned: 0x7fcb8272fa20>", team(resolved)="<IDEProvisioningDisambiguatableBasicTeam: 0x7fcb9290f4d0; teamID='QL8LHNX3G5', teamName='Hong Cui', teamType='Individual', username='hong1.cui@gmail.com', isFreeProvisioningTeam='0'>">
	Chain (14, self inclusive):
	<IDEDistributionProcessingPipelineContext: 0x7fcb7cb70380; archive = "<IDEArchive: 0x7fcb7cb60040>", distributionMethod="<IDEDistributionMethodDevelopmentSigned: 0x7fcb8272fa20>", team="<IDEProvisioningDisambiguatableBasicTeam: 0x7fcb9290f4d0; teamID='QL8LHNX3G5', teamName='Hong Cui', teamType='Individual', username='hong1.cui@gmail.com', isFreeProvisioningTeam='0'>">
	<IDEDistributionProcessingPipelineContext: 0x7fcb7cb8a650; archive = "<IDEArchive: 0x7fcb7cb60040>", distributionMethod="<IDEDistributionMethodDevelopmentSigned: 0x7fcb8272fa20>", team="<IDEProvisioningDisambiguatableBasicTeam: 0x7fcb9290f4d0; teamID='QL8LHNX3G5', teamName='Hong Cui', teamType='Individual', username='hong1.cui@gmail.com', isFreeProvisioningTeam='0'>">
	<IDEDistributionContext: 0x7fcb7cde8d30; archive = "<IDEArchive: 0x7fcb7cb60040>", distributionMethod="<IDEDistributionMethodDevelopmentSigned: 0x7fcb8272fa20>", team="<IDEProvisioningDisambiguatableBasicTeam: 0x7fcb9290f4d0; teamID='QL8LHNX3G5', teamName='Hong Cui', teamType='Individual', username='hong1.cui@gmail.com', isFreeProvisioningTeam='0'>">
	<IDEDistributionContext: 0x7fcb7cbd1e60; archive = "<IDEArchive: 0x7fcb7cb60040>", distributionMethod="<IDEDistributionMethodDevelopmentSigned: 0x7fcb8272fa20>", team="<IDEProvisioningDisambiguatableBasicTeam: 0x7fcb9290f4d0; teamID='QL8LHNX3G5', teamName='Hong Cui', teamType='Individual', username='hong1.cui@gmail.com', isFreeProvisioningTeam='0'>">
	<IDEDistributionContext: 0x7fcb7c947620; archive = "<IDEArchive: 0x7fcb7cb60040>", distributionMethod="<IDEDistributionMethodDevelopmentSigned: 0x7fcb8272fa20>", team="<IDEProvisioningDisambiguatableBasicTeam: 0x7fcb9290f4d0; teamID='QL8LHNX3G5', teamName='Hong Cui', teamType='Individual', username='hong1.cui@gmail.com', isFreeProvisioningTeam='0'>">
	<IDEDistributionContext: 0x7fcb7cdf6d60; archive = "<IDEArchive: 0x7fcb7cb60040>", distributionMethod="<IDEDistributionMethodDevelopmentSigned: 0x7fcb8272fa20>", team="<IDEProvisioningDisambiguatableBasicTeam: 0x7fcb9290f4d0; teamID='QL8LHNX3G5', teamName='Hong Cui', teamType='Individual', username='hong1.cui@gmail.com', isFreeProvisioningTeam='0'>">
	<IDEDistributionContext: 0x7fcb7cdf6680; archive = "<IDEArchive: 0x7fcb7cb60040>", distributionMethod="<IDEDistributionMethodDevelopmentSigned: 0x7fcb8272fa20>", team="<IDEProvisioningDisambiguatableBasicTeam: 0x7fcb9290f4d0; teamID='QL8LHNX3G5', teamName='Hong Cui', teamType='Individual', username='hong1.cui@gmail.com', isFreeProvisioningTeam='0'>">
	<IDEDistributionContext: 0x7fcb7cdec6c0; archive = "<IDEArchive: 0x7fcb7cb60040>", distributionMethod="<IDEDistributionMethodDevelopmentSigned: 0x7fcb8272fa20>", team="<IDEProvisioningDisambiguatableBasicTeam: 0x7fcb9290f4d0; teamID='QL8LHNX3G5', teamName='Hong Cui', teamType='Individual', username='hong1.cui@gmail.com', isFreeProvisioningTeam='0'>">
	<IDEDistributionContext: 0x7fcb7cca9070; archive = "<IDEArchive: 0x7fcb7cb60040>", distributionMethod="<IDEDistributionMethodDevelopmentSigned: 0x7fcb8272fa20>", team="<IDEProvisioningDisambiguatableBasicTeam: 0x7fcb9290f4d0; teamID='QL8LHNX3G5', teamName='Hong Cui', teamType='Individual', username='hong1.cui@gmail.com', isFreeProvisioningTeam='0'>">
	<IDEDistributionContext: 0x7fcb7cdefcd0; archive = "<IDEArchive: 0x7fcb7cb60040>", distributionMethod="<IDEDistributionMethodDevelopmentSigned: 0x7fcb8272fa20>", team="(null)">
	<IDEDistributionContext: 0x7fcb7cb335c0; archive = "<IDEArchive: 0x7fcb7cb60040>", distributionMethod="<IDEDistributionMethodDevelopmentSigned: 0x7fcb8272fa20>", team="(null)">
	<IDEDistributionContext: 0x7fcb7cb83b90; archive = "<IDEArchive: 0x7fcb7cb60040>", distributionMethod="<IDEDistributionMethodDevelopmentSigned: 0x7fcb8272fa20>", team="(null)">
	<IDEDistributionContext: 0x7fcb7d110f10; archive = "<IDEArchive: 0x7fcb7cb60040>", distributionMethod="<IDEDistributionMethodDevelopmentSigned: 0x7fcb8272fa20>", team="(null)">
	<IDEDistributionContext: 0x7fcb7c01f180; archive = "<IDEArchive: 0x7fcb7cb60040>", distributionMethod="(null)", team="(null)">
</IDEDistributionProcessingPipelineContext: 0x7fcb7cb70380>
2022-08-19 07:34:39 +0000  Processing step: IDEDistributionCreateDestRootStep
2022-08-19 07:34:39 +0000  Processing step: IDEDistributionCopyItemStep
2022-08-19 07:34:39 +0000  Running /usr/bin/ditto '-V' '/Users/luminomini3icloud.com/Library/Developer/Xcode/Archives/2022-08-19/ontologyConflictSolver 19-08-22, 1.04 PM.xcarchive/Products/Applications/ontologyConflictSolver.app' '/var/folders/ys/mh0lw3jd3t9_0xjzj0rlvyy80000gn/T/XcodeDistPipeline.~~~CA1KKR/Root/Payload/ontologyConflictSolver.app'
2022-08-19 07:34:39 +0000  >>> Copying /Users/luminomini3icloud.com/Library/Developer/Xcode/Archives/2022-08-19/ontologyConflictSolver 19-08-22, 1.04 PM.xcarchive/Products/Applications/ontologyConflictSolver.app 
2022-08-19 07:34:39 +0000  copying file ./_CodeSignature/CodeResources ... 
2022-08-19 07:34:39 +0000  14373 bytes for ./_CodeSignature/CodeResources
2022-08-19 07:34:39 +0000  copying file ./Fontisto.ttf ... 
2022-08-19 07:34:39 +0000  313528 bytes for ./Fontisto.ttf
2022-08-19 07:34:39 +0000  copying file ./Octicons.ttf ... 
2022-08-19 07:34:39 +0000  28364 bytes for ./Octicons.ttf
2022-08-19 07:34:39 +0000  copying file ./Feather.ttf ... 
2022-08-19 07:34:39 +0000  58272 bytes for ./Feather.ttf
2022-08-19 07:34:39 +0000  copying file ./Entypo.ttf ... 
2022-08-19 07:34:39 +0000  65584 bytes for ./Entypo.ttf
2022-08-19 07:34:39 +0000  copying file ./FontAwesome5_Brands.ttf ... 
2022-08-19 07:34:39 +0000  125016 bytes for ./FontAwesome5_Brands.ttf
2022-08-19 07:34:39 +0000  copying file ./MaterialCommunityIcons.ttf ... 
2022-08-19 07:34:39 +0000  546548 bytes for ./MaterialCommunityIcons.ttf
2022-08-19 07:34:39 +0000  copying file ./AntDesign.ttf ... 
2022-08-19 07:34:39 +0000  70344 bytes for ./AntDesign.ttf
2022-08-19 07:34:39 +0000  copying file ./Foundation.ttf ... 
2022-08-19 07:34:39 +0000  56976 bytes for ./Foundation.ttf
2022-08-19 07:34:39 +0000  copying file ./Ionicons.ttf ... 
2022-08-19 07:34:39 +0000  112472 bytes for ./Ionicons.ttf
2022-08-19 07:34:39 +0000  copying file ./FontAwesome5_Solid.ttf ... 
2022-08-19 07:34:39 +0000  186228 bytes for ./FontAwesome5_Solid.ttf
2022-08-19 07:34:39 +0000  copying file ./FontAwesome5_Regular.ttf ... 
2022-08-19 07:34:39 +0000  34092 bytes for ./FontAwesome5_Regular.ttf
2022-08-19 07:34:39 +0000  copying file ./FontAwesome.ttf ... 
2022-08-19 07:34:39 +0000  165548 bytes for ./FontAwesome.ttf
2022-08-19 07:34:39 +0000  copying file ./Zocial.ttf ... 
2022-08-19 07:34:39 +0000  25552 bytes for ./Zocial.ttf
2022-08-19 07:34:39 +0000  copying file ./Assets.car ... 
2022-08-19 07:34:39 +0000  596568 bytes for ./Assets.car
2022-08-19 07:34:39 +0000  copying file ./EvilIcons.ttf ... 
2022-08-19 07:34:39 +0000  13456 bytes for ./EvilIcons.ttf
copying file ./main.jsbundle ... 
2022-08-19 07:34:39 +0000  3368278 bytes for ./main.jsbundle
2022-08-19 07:34:39 +0000  copying file ./Frameworks/OpenSSL.framework/_CodeSignature/CodeResources ... 
2022-08-19 07:34:39 +0000  1798 bytes for ./Frameworks/OpenSSL.framework/_CodeSignature/CodeResources
2022-08-19 07:34:39 +0000  copying file ./Frameworks/OpenSSL.framework/OpenSSL ... 
2022-08-19 07:34:39 +0000  10657616 bytes for ./Frameworks/OpenSSL.framework/OpenSSL
2022-08-19 07:34:39 +0000  copying file ./Frameworks/OpenSSL.framework/Info.plist ... 
2022-08-19 07:34:39 +0000  716 bytes for ./Frameworks/OpenSSL.framework/Info.plist
2022-08-19 07:34:39 +0000  copying file ./SimpleLineIcons.ttf ... 
2022-08-19 07:34:39 +0000  54056 bytes for ./SimpleLineIcons.ttf
2022-08-19 07:34:39 +0000  copying file ./embedded.mobileprovision ... 
2022-08-19 07:34:39 +0000  20499 bytes for ./embedded.mobileprovision
2022-08-19 07:34:39 +0000  copying file ./assets/app/assets/images/ok.png ... 
2022-08-19 07:34:39 +0000  2269 bytes for ./assets/app/assets/images/ok.png
2022-08-19 07:34:39 +0000  copying file ./assets/app/assets/images/logo.png ... 
2022-08-19 07:34:39 +0000  30142 bytes for ./assets/app/assets/images/logo.png
2022-08-19 07:34:39 +0000  copying file ./assets/app/assets/images/noimage.png ... 
2022-08-19 07:34:39 +0000  1314 bytes for ./assets/app/assets/images/noimage.png
2022-08-19 07:34:39 +0000  copying file ./assets/app.json ... 
2022-08-19 07:34:39 +0000  75 bytes for ./assets/app.json
2022-08-19 07:34:39 +0000  copying file ./assets/node_modules/css-tree/package.json ... 
2022-08-19 07:34:39 +0000  1977 bytes for ./assets/node_modules/css-tree/package.json
2022-08-19 07:34:39 +0000  copying file ./assets/node_modules/css-tree/data/patch.json ... 
2022-08-19 07:34:39 +0000  38458 bytes for ./assets/node_modules/css-tree/data/patch.json
2022-08-19 07:34:39 +0000  copying file ./assets/node_modules/dom-serializer/foreignNames.json ... 
2022-08-19 07:34:39 +0000  3149 bytes for ./assets/node_modules/dom-serializer/foreignNames.json
2022-08-19 07:34:39 +0000  copying file ./assets/node_modules/react-navigation-stack/lib/module/vendor/views/assets/back-icon@3x.png ... 
2022-08-19 07:34:39 +0000  761 bytes for ./assets/node_modules/react-navigation-stack/lib/module/vendor/views/assets/back-icon@3x.png
2022-08-19 07:34:39 +0000  copying file ./assets/node_modules/react-navigation-stack/lib/module/vendor/views/assets/back-icon@2x.png ... 
2022-08-19 07:34:39 +0000  405 bytes for ./assets/node_modules/react-navigation-stack/lib/module/vendor/views/assets/back-icon@2x.png
copying file ./assets/node_modules/react-navigation-stack/lib/module/vendor/views/assets/back-icon.png ... 
2022-08-19 07:34:39 +0000  290 bytes for ./assets/node_modules/react-navigation-stack/lib/module/vendor/views/assets/back-icon.png
2022-08-19 07:34:39 +0000  copying file ./assets/node_modules/react-navigation-stack/lib/module/vendor/views/assets/back-icon-mask.png ... 
2022-08-19 07:34:39 +0000  913 bytes for ./assets/node_modules/react-navigation-stack/lib/module/vendor/views/assets/back-icon-mask.png
2022-08-19 07:34:39 +0000  copying file ./assets/node_modules/css-select/lib/procedure.json ... 
2022-08-19 07:34:39 +0000  145 bytes for ./assets/node_modules/css-select/lib/procedure.json
2022-08-19 07:34:39 +0000  copying file ./assets/node_modules/react-native-paper/src/assets/back-chevron.png ... 
2022-08-19 07:34:39 +0000  489 bytes for ./assets/node_modules/react-native-paper/src/assets/back-chevron.png
2022-08-19 07:34:39 +0000  copying file ./assets/node_modules/react-native-vector-icons/glyphmaps/FontAwesome5Free_meta.json ... 
2022-08-19 07:34:39 +0000  26240 bytes for ./assets/node_modules/react-native-vector-icons/glyphmaps/FontAwesome5Free_meta.json
2022-08-19 07:34:39 +0000  copying file ./assets/node_modules/react-native-vector-icons/glyphmaps/FontAwesome.json ... 
2022-08-19 07:34:39 +0000  17437 bytes for ./assets/node_modules/react-native-vector-icons/glyphmaps/FontAwesome.json
2022-08-19 07:34:39 +0000  copying file ./assets/node_modules/react-native-vector-icons/glyphmaps/AntDesign.json ... 
2022-08-19 07:34:39 +0000  6303 bytes for ./assets/node_modules/react-native-vector-icons/glyphmaps/AntDesign.json
2022-08-19 07:34:39 +0000  copying file ./assets/node_modules/react-native-vector-icons/glyphmaps/FontAwesome5Free.json ... 
2022-08-19 07:34:39 +0000  30175 bytes for ./assets/node_modules/react-native-vector-icons/glyphmaps/FontAwesome5Free.json
2022-08-19 07:34:39 +0000  copying file ./assets/node_modules/react-native-vector-icons/glyphmaps/MaterialCommunityIcons.json ... 
2022-08-19 07:34:39 +0000  97065 bytes for ./assets/node_modules/react-native-vector-icons/glyphmaps/MaterialCommunityIcons.json
2022-08-19 07:34:39 +0000  copying file ./assets/node_modules/mdn-data/css/at-rules.json ... 
2022-08-19 07:34:39 +0000  16632 bytes for ./assets/node_modules/mdn-data/css/at-rules.json
2022-08-19 07:34:39 +0000  copying file ./assets/node_modules/mdn-data/css/properties.json ... 
2022-08-19 07:34:39 +0000  265782 bytes for ./assets/node_modules/mdn-data/css/properties.json
2022-08-19 07:34:39 +0000  copying file ./assets/node_modules/mdn-data/css/syntaxes.json ... 
2022-08-19 07:34:39 +0000  26634 bytes for ./assets/node_modules/mdn-data/css/syntaxes.json
2022-08-19 07:34:39 +0000  copying file ./assets/node_modules/entities/lib/maps/xml.json ... 
2022-08-19 07:34:39 +0000  53 bytes for ./assets/node_modules/entities/lib/maps/xml.json
2022-08-19 07:34:39 +0000  copying file ./assets/node_modules/entities/lib/maps/decode.json ... 
2022-08-19 07:34:39 +0000  299 bytes for ./assets/node_modules/entities/lib/maps/decode.json
2022-08-19 07:34:39 +0000  copying file ./assets/node_modules/entities/lib/maps/entities.json ... 
2022-08-19 07:34:39 +0000  32977 bytes for ./assets/node_modules/entities/lib/maps/entities.json
2022-08-19 07:34:39 +0000  copying file ./assets/node_modules/entities/lib/maps/legacy.json ... 
2022-08-19 07:34:39 +0000  1356 bytes for ./assets/node_modules/entities/lib/maps/legacy.json
2022-08-19 07:34:39 +0000  copying file ./Info.plist ... 
2022-08-19 07:34:39 +0000  1929 bytes for ./Info.plist
2022-08-19 07:34:39 +0000  copying file ./ontologyConflictSolver ... 
2022-08-19 07:34:39 +0000  26574416 bytes for ./ontologyConflictSolver
2022-08-19 07:34:39 +0000  copying file ./PkgInfo ... 
2022-08-19 07:34:39 +0000  8 bytes for ./PkgInfo
copying file ./MaterialIcons.ttf ... 
2022-08-19 07:34:39 +0000  128180 bytes for ./MaterialIcons.ttf
2022-08-19 07:34:39 +0000  /usr/bin/ditto exited with 0
2022-08-19 07:34:39 +0000  Processing step: IDEDistributionEmbedProfileStep
2022-08-19 07:34:39 +0000  Skipping profile for item: <IDEDistributionItem: 0x7fcb7bd596f0; bundleID='com.github.krzyzanowskim.OpenSSL', path='<DVTFilePath:0x7fcb7cc1e4e0:'/Users/luminomini3icloud.com/Library/Developer/Xcode/Archives/2022-08-19/ontologyConflictSolver 19-08-22, 1.04 PM.xcarchive/Products/Applications/ontologyConflictSolver.app/Frameworks/OpenSSL.framework'>', codeSigningInfo='<_DVTCodeSigningInformation_Path: 0x7fcb7c66ee80; isSigned='1', isAdHocSigned='0', signingCertificate='<DVTSigningCertificate: 0x7fcb7c6b26b0; name='Apple Development: Hong Cui (S2J85SCX2F)', hash='AEE607ACEE13C8E718B105BB3C14344A223E4476', serialNumber='1AC68E9A6F726830AA2E40BCBA3EB5C4', certificateKinds='(
    "1.2.840.113635.100.6.1.12",
    "1.2.840.113635.100.6.1.2"
), issueDate='2022-04-13 09:16:23 +0000''>', entitlements='(null)', teamID='QL8LHNX3G5', identifier='com.github.krzyzanowskim.OpenSSL', executablePath='<DVTFilePath:0x7fcb7cd583b0:'/Users/luminomini3icloud.com/Library/Developer/Xcode/Archives/2022-08-19/ontologyConflictSolver 19-08-22, 1.04 PM.xcarchive/Products/Applications/ontologyConflictSolver.app/Frameworks/OpenSSL.framework/OpenSSL'>', hardenedRuntime='0'>'>
2022-08-19 07:34:39 +0000  Processing step: IDEDistributionInfoPlistStep
2022-08-19 07:34:39 +0000  Skipping step: IDEDistributionInfoPlistStep because it said so
2022-08-19 07:34:39 +0000  Skipping step: IDEDistributionInfoPlistStep because it said so
2022-08-19 07:34:39 +0000  Processing step: IDEDistributionAppThinningPlistStep
2022-08-19 07:34:39 +0000  Skipping step: IDEDistributionAppThinningPlistStep because it said so
2022-08-19 07:34:39 +0000  Processing step: IDEDistributionCompileBitcodeStep
2022-08-19 07:34:39 +0000  Skipping step: IDEDistributionCompileBitcodeStep because it said so
2022-08-19 07:34:39 +0000  Processing step: IDEDistributionCodeSlimmingStep
2022-08-19 07:34:39 +0000  Running /Applications/Xcode.app/Contents/Developer/Toolchains/XcodeDefault.xctoolchain/usr/bin/bitcode_strip '/var/folders/ys/mh0lw3jd3t9_0xjzj0rlvyy80000gn/T/XcodeDistPipeline.~~~CA1KKR/Root/Payload/ontologyConflictSolver.app/Frameworks/OpenSSL.framework/OpenSSL' '-r' '-keep_cs' '-o' '/var/folders/ys/mh0lw3jd3t9_0xjzj0rlvyy80000gn/T/XcodeDistPipeline.~~~CA1KKR/Root/Payload/ontologyConflictSolver.app/Frameworks/OpenSSL.framework/OpenSSL'
2022-08-19 07:34:39 +0000  /Applications/Xcode.app/Contents/Developer/Toolchains/XcodeDefault.xctoolchain/usr/bin/bitcode_strip exited with 0
2022-08-19 07:34:39 +0000  Running /Applications/Xcode.app/Contents/Developer/Toolchains/XcodeDefault.xctoolchain/usr/bin/bitcode_strip '/var/folders/ys/mh0lw3jd3t9_0xjzj0rlvyy80000gn/T/XcodeDistPipeline.~~~CA1KKR/Root/Payload/ontologyConflictSolver.app/ontologyConflictSolver' '-r' '-keep_cs' '-o' '/var/folders/ys/mh0lw3jd3t9_0xjzj0rlvyy80000gn/T/XcodeDistPipeline.~~~CA1KKR/Root/Payload/ontologyConflictSolver.app/ontologyConflictSolver'
2022-08-19 07:34:39 +0000  /Applications/Xcode.app/Contents/Developer/Toolchains/XcodeDefault.xctoolchain/usr/bin/bitcode_strip exited with 0
2022-08-19 07:34:39 +0000  Processing step: IDEDistributionCopyBCSymbolMapsStep
2022-08-19 07:34:39 +0000  Skipping step: IDEDistributionCopyBCSymbolMapsStep because it said so
2022-08-19 07:34:39 +0000  Skipping step: IDEDistributionCopyBCSymbolMapsStep because it said so
2022-08-19 07:34:39 +0000  Processing step: IDEDistributionSymbolsStep
2022-08-19 07:34:39 +0000  Skipping step: IDEDistributionSymbolsStep because it said so
2022-08-19 07:34:39 +0000  Skipping step: IDEDistributionSymbolsStep because it said so
2022-08-19 07:34:39 +0000  Processing step: IDEDistributionAppThinningStep
2022-08-19 07:34:39 +0000  Skipping step: IDEDistributionAppThinningStep because it said so
2022-08-19 07:34:39 +0000  Processing step: IDEDistributionArchThinningStep
2022-08-19 07:34:39 +0000  Running /Applications/Xcode.app/Contents/Developer/Toolchains/XcodeDefault.xctoolchain/usr/bin/lipo '/var/folders/ys/mh0lw3jd3t9_0xjzj0rlvyy80000gn/T/XcodeDistPipeline.~~~CA1KKR/Root/Payload/ontologyConflictSolver.app/Frameworks/OpenSSL.framework/OpenSSL' '-verify_arch' 'arm64e'
2022-08-19 07:34:39 +0000  /Applications/Xcode.app/Contents/Developer/Toolchains/XcodeDefault.xctoolchain/usr/bin/lipo exited with 1
2022-08-19 07:34:39 +0000  Skipping architecture thinning for item "OpenSSL" because arch "arm64e" wasn't found
2022-08-19 07:34:39 +0000  Running /Applications/Xcode.app/Contents/Developer/Toolchains/XcodeDefault.xctoolchain/usr/bin/lipo '/var/folders/ys/mh0lw3jd3t9_0xjzj0rlvyy80000gn/T/XcodeDistPipeline.~~~CA1KKR/Root/Payload/ontologyConflictSolver.app/ontologyConflictSolver' '-verify_arch' 'arm64e'
2022-08-19 07:34:39 +0000  /Applications/Xcode.app/Contents/Developer/Toolchains/XcodeDefault.xctoolchain/usr/bin/lipo exited with 1
2022-08-19 07:34:39 +0000  Skipping architecture thinning for item "ontologyConflictSolver" because arch "arm64e" wasn't found
2022-08-19 07:34:39 +0000  Processing step: IDEDistributionODRStep
2022-08-19 07:34:39 +0000  Processing step: IDEDistributionStripXattrsStep
2022-08-19 07:34:39 +0000  Skipping stripping extended attributes of item: <IDEDistributionItem: 0x7fcb7bd596f0; bundleID='com.github.krzyzanowskim.OpenSSL', path='<DVTFilePath:0x7fcb7cc1e4e0:'/Users/luminomini3icloud.com/Library/Developer/Xcode/Archives/2022-08-19/ontologyConflictSolver 19-08-22, 1.04 PM.xcarchive/Products/Applications/ontologyConflictSolver.app/Frameworks/OpenSSL.framework'>', codeSigningInfo='<_DVTCodeSigningInformation_Path: 0x7fcb7c66ee80; isSigned='1', isAdHocSigned='0', signingCertificate='<DVTSigningCertificate: 0x7fcb7cccb180; name='Apple Development: Hong Cui (S2J85SCX2F)', hash='AEE607ACEE13C8E718B105BB3C14344A223E4476', serialNumber='1AC68E9A6F726830AA2E40BCBA3EB5C4', certificateKinds='(
    "1.2.840.113635.100.6.1.12",
    "1.2.840.113635.100.6.1.2"
), issueDate='2022-04-13 09:16:23 +0000''>', entitlements='(null)', teamID='QL8LHNX3G5', identifier='com.github.krzyzanowskim.OpenSSL', executablePath='<DVTFilePath:0x7fcb7cd583b0:'/Users/luminomini3icloud.com/Library/Developer/Xcode/Archives/2022-08-19/ontologyConflictSolver 19-08-22, 1.04 PM.xcarchive/Products/Applications/ontologyConflictSolver.app/Frameworks/OpenSSL.framework/OpenSSL'>', hardenedRuntime='0'>'>
2022-08-19 07:34:39 +0000  Running /usr/bin/xattr '-crs' '/var/folders/ys/mh0lw3jd3t9_0xjzj0rlvyy80000gn/T/XcodeDistPipeline.~~~CA1KKR/Root/Payload/ontologyConflictSolver.app'
2022-08-19 07:34:39 +0000  /usr/bin/xattr exited with 0
2022-08-19 07:34:39 +0000  Processing step: IDEDistributionCodesignStep
2022-08-19 07:34:39 +0000  Entitlements for <IDEDistributionItem: 0x7fcb7bd596f0; bundleID='com.github.krzyzanowskim.OpenSSL', path='<DVTFilePath:0x7fcb7cc1e4e0:'/Users/luminomini3icloud.com/Library/Developer/Xcode/Archives/2022-08-19/ontologyConflictSolver 19-08-22, 1.04 PM.xcarchive/Products/Applications/ontologyConflictSolver.app/Frameworks/OpenSSL.framework'>', codeSigningInfo='<_DVTCodeSigningInformation_Path: 0x7fcb7c66ee80; isSigned='1', isAdHocSigned='0', signingCertificate='<DVTSigningCertificate: 0x7fcb7c9051d0; name='Apple Development: Hong Cui (S2J85SCX2F)', hash='AEE607ACEE13C8E718B105BB3C14344A223E4476', serialNumber='1AC68E9A6F726830AA2E40BCBA3EB5C4', certificateKinds='(
    "1.2.840.113635.100.6.1.12",
    "1.2.840.113635.100.6.1.2"
), issueDate='2022-04-13 09:16:23 +0000''>', entitlements='(null)', teamID='QL8LHNX3G5', identifier='com.github.krzyzanowskim.OpenSSL', executablePath='<DVTFilePath:0x7fcb7cd583b0:'/Users/luminomini3icloud.com/Library/Developer/Xcode/Archives/2022-08-19/ontologyConflictSolver 19-08-22, 1.04 PM.xcarchive/Products/Applications/ontologyConflictSolver.app/Frameworks/OpenSSL.framework/OpenSSL'>', hardenedRuntime='0'>'>: {
}
2022-08-19 07:34:39 +0000  Entitlements for <IDEDistributionItem: 0x7fcb7bd596f0; bundleID='com.github.krzyzanowskim.OpenSSL', path='<DVTFilePath:0x7fcb7cc1e4e0:'/Users/luminomini3icloud.com/Library/Developer/Xcode/Archives/2022-08-19/ontologyConflictSolver 19-08-22, 1.04 PM.xcarchive/Products/Applications/ontologyConflictSolver.app/Frameworks/OpenSSL.framework'>', codeSigningInfo='<_DVTCodeSigningInformation_Path: 0x7fcb7c66ee80; isSigned='1', isAdHocSigned='0', signingCertificate='<DVTSigningCertificate: 0x7fcb7cbad860; name='Apple Development: Hong Cui (S2J85SCX2F)', hash='AEE607ACEE13C8E718B105BB3C14344A223E4476', serialNumber='1AC68E9A6F726830AA2E40BCBA3EB5C4', certificateKinds='(
    "1.2.840.113635.100.6.1.12",
    "1.2.840.113635.100.6.1.2"
), issueDate='2022-04-13 09:16:23 +0000''>', entitlements='(null)', teamID='QL8LHNX3G5', identifier='com.github.krzyzanowskim.OpenSSL', executablePath='<DVTFilePath:0x7fcb7cd583b0:'/Users/luminomini3icloud.com/Library/Developer/Xcode/Archives/2022-08-19/ontologyConflictSolver 19-08-22, 1.04 PM.xcarchive/Products/Applications/ontologyConflictSolver.app/Frameworks/OpenSSL.framework/OpenSSL'>', hardenedRuntime='0'>'> are: {
}
2022-08-19 07:34:39 +0000  Writing entitlements for <IDEDistributionItem: 0x7fcb7bd596f0; bundleID='com.github.krzyzanowskim.OpenSSL', path='<DVTFilePath:0x7fcb7cc1e4e0:'/Users/luminomini3icloud.com/Library/Developer/Xcode/Archives/2022-08-19/ontologyConflictSolver 19-08-22, 1.04 PM.xcarchive/Products/Applications/ontologyConflictSolver.app/Frameworks/OpenSSL.framework'>', codeSigningInfo='<_DVTCodeSigningInformation_Path: 0x7fcb7c66ee80; isSigned='1', isAdHocSigned='0', signingCertificate='<DVTSigningCertificate: 0x7fcb7cbaf850; name='Apple Development: Hong Cui (S2J85SCX2F)', hash='AEE607ACEE13C8E718B105BB3C14344A223E4476', serialNumber='1AC68E9A6F726830AA2E40BCBA3EB5C4', certificateKinds='(
    "1.2.840.113635.100.6.1.12",
    "1.2.840.113635.100.6.1.2"
), issueDate='2022-04-13 09:16:23 +0000''>', entitlements='(null)', teamID='QL8LHNX3G5', identifier='com.github.krzyzanowskim.OpenSSL', executablePath='<DVTFilePath:0x7fcb7cd583b0:'/Users/luminomini3icloud.com/Library/Developer/Xcode/Archives/2022-08-19/ontologyConflictSolver 19-08-22, 1.04 PM.xcarchive/Products/Applications/ontologyConflictSolver.app/Frameworks/OpenSSL.framework/OpenSSL'>', hardenedRuntime='0'>'> to: /var/folders/ys/mh0lw3jd3t9_0xjzj0rlvyy80000gn/T/XcodeDistPipeline.~~~CA1KKR/entitlements~~~NYj7co
2022-08-19 07:34:39 +0000  Running /usr/bin/codesign '-vvv' '--force' '--sign' 'AEE607ACEE13C8E718B105BB3C14344A223E4476' '--entitlements' '/var/folders/ys/mh0lw3jd3t9_0xjzj0rlvyy80000gn/T/XcodeDistPipeline.~~~CA1KKR/entitlements~~~NYj7co' '--generate-entitlement-der' '--preserve-metadata=identifier,flags,runtime' '/var/folders/ys/mh0lw3jd3t9_0xjzj0rlvyy80000gn/T/XcodeDistPipeline.~~~CA1KKR/Root/Payload/ontologyConflictSolver.app/Frameworks/OpenSSL.framework'
2022-08-19 07:34:39 +0000  /var/folders/ys/mh0lw3jd3t9_0xjzj0rlvyy80000gn/T/XcodeDistPipeline.~~~CA1KKR/Root/Payload/ontologyConflictSolver.app/Frameworks/OpenSSL.framework: replacing existing signature
2022-08-19 07:34:45 +0000  /var/folders/ys/mh0lw3jd3t9_0xjzj0rlvyy80000gn/T/XcodeDistPipeline.~~~CA1KKR/Root/Payload/ontologyConflictSolver.app/Frameworks/OpenSSL.framework: signed bundle with Mach-O universal (arm64) [com.github.krzyzanowskim.OpenSSL]
2022-08-19 07:34:45 +0000  /usr/bin/codesign exited with 0
2022-08-19 07:34:45 +0000  Entitlements for <IDEDistributionItem: 0x7fcb7d1172c0; bundleID='org.reactjs.native.example.ontologyConflictSolver', path='<DVTFilePath:0x7fcb98de8060:'/Users/luminomini3icloud.com/Library/Developer/Xcode/Archives/2022-08-19/ontologyConflictSolver 19-08-22, 1.04 PM.xcarchive/Products/Applications/ontologyConflictSolver.app'>', codeSigningInfo='<_DVTCodeSigningInformation_Path: 0x7fcb7ba5f5a0; isSigned='1', isAdHocSigned='0', signingCertificate='<DVTSigningCertificate: 0x7fcb7bd6cc40; name='Apple Development: Hong Cui (S2J85SCX2F)', hash='AEE607ACEE13C8E718B105BB3C14344A223E4476', serialNumber='1AC68E9A6F726830AA2E40BCBA3EB5C4', certificateKinds='(
    "1.2.840.113635.100.6.1.12",
    "1.2.840.113635.100.6.1.2"
), issueDate='2022-04-13 09:16:23 +0000''>', entitlements='{
    "application-identifier" = "QL8LHNX3G5.org.reactjs.native.example.ontologyConflictSolver";
    "com.apple.developer.team-identifier" = QL8LHNX3G5;
    "get-task-allow" = 1;
}', teamID='QL8LHNX3G5', identifier='org.reactjs.native.example.ontologyConflictSolver', executablePath='<DVTFilePath:0x7fcb7c907910:'/Users/luminomini3icloud.com/Library/Developer/Xcode/Archives/2022-08-19/ontologyConflictSolver 19-08-22, 1.04 PM.xcarchive/Products/Applications/ontologyConflictSolver.app/ontologyConflictSolver'>', hardenedRuntime='0'>'>: {
    "application-identifier" = "QL8LHNX3G5.org.reactjs.native.example.ontologyConflictSolver";
    "com.apple.developer.team-identifier" = QL8LHNX3G5;
    "get-task-allow" = 1;
}
2022-08-19 07:34:45 +0000  Entitlements for <IDEDistributionItem: 0x7fcb7d1172c0; bundleID='org.reactjs.native.example.ontologyConflictSolver', path='<DVTFilePath:0x7fcb98de8060:'/Users/luminomini3icloud.com/Library/Developer/Xcode/Archives/2022-08-19/ontologyConflictSolver 19-08-22, 1.04 PM.xcarchive/Products/Applications/ontologyConflictSolver.app'>', codeSigningInfo='<_DVTCodeSigningInformation_Path: 0x7fcb7ba5f5a0; isSigned='1', isAdHocSigned='0', signingCertificate='<DVTSigningCertificate: 0x7fcb7bdb0470; name='Apple Development: Hong Cui (S2J85SCX2F)', hash='AEE607ACEE13C8E718B105BB3C14344A223E4476', serialNumber='1AC68E9A6F726830AA2E40BCBA3EB5C4', certificateKinds='(
    "1.2.840.113635.100.6.1.12",
    "1.2.840.113635.100.6.1.2"
), issueDate='2022-04-13 09:16:23 +0000''>', entitlements='{
    "application-identifier" = "QL8LHNX3G5.org.reactjs.native.example.ontologyConflictSolver";
    "com.apple.developer.team-identifier" = QL8LHNX3G5;
    "get-task-allow" = 1;
}', teamID='QL8LHNX3G5', identifier='org.reactjs.native.example.ontologyConflictSolver', executablePath='<DVTFilePath:0x7fcb7c907910:'/Users/luminomini3icloud.com/Library/Developer/Xcode/Archives/2022-08-19/ontologyConflictSolver 19-08-22, 1.04 PM.xcarchive/Products/Applications/ontologyConflictSolver.app/ontologyConflictSolver'>', hardenedRuntime='0'>'> are: {
    "application-identifier" = "QL8LHNX3G5.org.reactjs.native.example.ontologyConflictSolver";
    "com.apple.developer.team-identifier" = QL8LHNX3G5;
    "get-task-allow" = 1;
}
2022-08-19 07:34:45 +0000  Writing entitlements for <IDEDistributionItem: 0x7fcb7d1172c0; bundleID='org.reactjs.native.example.ontologyConflictSolver', path='<DVTFilePath:0x7fcb98de8060:'/Users/luminomini3icloud.com/Library/Developer/Xcode/Archives/2022-08-19/ontologyConflictSolver 19-08-22, 1.04 PM.xcarchive/Products/Applications/ontologyConflictSolver.app'>', codeSigningInfo='<_DVTCodeSigningInformation_Path: 0x7fcb7ba5f5a0; isSigned='1', isAdHocSigned='0', signingCertificate='<DVTSigningCertificate: 0x7fcb7ccc6230; name='Apple Development: Hong Cui (S2J85SCX2F)', hash='AEE607ACEE13C8E718B105BB3C14344A223E4476', serialNumber='1AC68E9A6F726830AA2E40BCBA3EB5C4', certificateKinds='(
    "1.2.840.113635.100.6.1.12",
    "1.2.840.113635.100.6.1.2"
), issueDate='2022-04-13 09:16:23 +0000''>', entitlements='{
    "application-identifier" = "QL8LHNX3G5.org.reactjs.native.example.ontologyConflictSolver";
    "com.apple.developer.team-identifier" = QL8LHNX3G5;
    "get-task-allow" = 1;
}', teamID='QL8LHNX3G5', identifier='org.reactjs.native.example.ontologyConflictSolver', executablePath='<DVTFilePath:0x7fcb7c907910:'/Users/luminomini3icloud.com/Library/Developer/Xcode/Archives/2022-08-19/ontologyConflictSolver 19-08-22, 1.04 PM.xcarchive/Products/Applications/ontologyConflictSolver.app/ontologyConflictSolver'>', hardenedRuntime='0'>'> to: /var/folders/ys/mh0lw3jd3t9_0xjzj0rlvyy80000gn/T/XcodeDistPipeline.~~~CA1KKR/entitlements~~~XRG0ev
2022-08-19 07:34:45 +0000  Running /usr/bin/codesign '-vvv' '--force' '--sign' 'AEE607ACEE13C8E718B105BB3C14344A223E4476' '--entitlements' '/var/folders/ys/mh0lw3jd3t9_0xjzj0rlvyy80000gn/T/XcodeDistPipeline.~~~CA1KKR/entitlements~~~XRG0ev' '--generate-entitlement-der' '--preserve-metadata=identifier,flags,runtime' '/var/folders/ys/mh0lw3jd3t9_0xjzj0rlvyy80000gn/T/XcodeDistPipeline.~~~CA1KKR/Root/Payload/ontologyConflictSolver.app'
2022-08-19 07:34:45 +0000  /var/folders/ys/mh0lw3jd3t9_0xjzj0rlvyy80000gn/T/XcodeDistPipeline.~~~CA1KKR/Root/Payload/ontologyConflictSolver.app: replacing existing signature
2022-08-19 07:34:49 +0000  /var/folders/ys/mh0lw3jd3t9_0xjzj0rlvyy80000gn/T/XcodeDistPipeline.~~~CA1KKR/Root/Payload/ontologyConflictSolver.app: signed app bundle with Mach-O thin (arm64) [org.reactjs.native.example.ontologyConflictSolver]
2022-08-19 07:34:49 +0000  /usr/bin/codesign exited with 0
2022-08-19 07:34:49 +0000  Processing step: IDEDistributionZipODRItemStep
2022-08-19 07:34:49 +0000  Skipping step: IDEDistributionZipODRItemStep because it said so
2022-08-19 07:34:49 +0000  Skipping step: IDEDistributionZipODRItemStep because it said so
2022-08-19 07:34:49 +0000  Processing step: IDEDistributionCreateIPAStep
2022-08-19 07:34:49 +0000  Running /usr/bin/ditto '-V' '-c' '-k' '--norsrc' '/var/folders/ys/mh0lw3jd3t9_0xjzj0rlvyy80000gn/T/XcodeDistPipeline.~~~CA1KKR/Root' '/var/folders/ys/mh0lw3jd3t9_0xjzj0rlvyy80000gn/T/XcodeDistPipeline.~~~CA1KKR/Packages/ontologyConflictSolver.ipa'
2022-08-19 07:34:49 +0000  >>> Copying /var/folders/ys/mh0lw3jd3t9_0xjzj0rlvyy80000gn/T/XcodeDistPipeline.~~~CA1KKR/Root 
2022-08-19 07:34:49 +0000  copying file ./Payload/ontologyConflictSolver.app/_CodeSignature/CodeResources ... 
2022-08-19 07:34:49 +0000  14373 bytes for ./Payload/ontologyConflictSolver.app/_CodeSignature/CodeResources
2022-08-19 07:34:49 +0000  copying file ./Payload/ontologyConflictSolver.app/Fontisto.ttf ... 
2022-08-19 07:34:49 +0000  313528 bytes for ./Payload/ontologyConflictSolver.app/Fontisto.ttf
2022-08-19 07:34:49 +0000  copying file ./Payload/ontologyConflictSolver.app/Octicons.ttf ... 
2022-08-19 07:34:49 +0000  28364 bytes for ./Payload/ontologyConflictSolver.app/Octicons.ttf
2022-08-19 07:34:49 +0000  copying file ./Payload/ontologyConflictSolver.app/Feather.ttf ... 
2022-08-19 07:34:49 +0000  58272 bytes for ./Payload/ontologyConflictSolver.app/Feather.ttf
2022-08-19 07:34:49 +0000  copying file ./Payload/ontologyConflictSolver.app/Entypo.ttf ... 
2022-08-19 07:34:49 +0000  65584 bytes for ./Payload/ontologyConflictSolver.app/Entypo.ttf
2022-08-19 07:34:49 +0000  copying file ./Payload/ontologyConflictSolver.app/FontAwesome5_Brands.ttf ... 
2022-08-19 07:34:50 +0000  125016 bytes for ./Payload/ontologyConflictSolver.app/FontAwesome5_Brands.ttf
2022-08-19 07:34:50 +0000  copying file ./Payload/ontologyConflictSolver.app/MaterialCommunityIcons.ttf ... 
2022-08-19 07:34:50 +0000  546548 bytes for ./Payload/ontologyConflictSolver.app/MaterialCommunityIcons.ttf
2022-08-19 07:34:50 +0000  copying file ./Payload/ontologyConflictSolver.app/AntDesign.ttf ... 
2022-08-19 07:34:50 +0000  70344 bytes for ./Payload/ontologyConflictSolver.app/AntDesign.ttf
copying file ./Payload/ontologyConflictSolver.app/Foundation.ttf ... 
2022-08-19 07:34:50 +0000  56976 bytes for ./Payload/ontologyConflictSolver.app/Foundation.ttf
2022-08-19 07:34:50 +0000  copying file ./Payload/ontologyConflictSolver.app/Ionicons.ttf ... 
2022-08-19 07:34:50 +0000  112472 bytes for ./Payload/ontologyConflictSolver.app/Ionicons.ttf
2022-08-19 07:34:50 +0000  copying file ./Payload/ontologyConflictSolver.app/FontAwesome5_Solid.ttf ... 
2022-08-19 07:34:50 +0000  186228 bytes for ./Payload/ontologyConflictSolver.app/FontAwesome5_Solid.ttf
2022-08-19 07:34:50 +0000  copying file ./Payload/ontologyConflictSolver.app/FontAwesome5_Regular.ttf ... 
2022-08-19 07:34:50 +0000  34092 bytes for ./Payload/ontologyConflictSolver.app/FontAwesome5_Regular.ttf
copying file ./Payload/ontologyConflictSolver.app/FontAwesome.ttf ... 
2022-08-19 07:34:50 +0000  165548 bytes for ./Payload/ontologyConflictSolver.app/FontAwesome.ttf
2022-08-19 07:34:50 +0000  copying file ./Payload/ontologyConflictSolver.app/Zocial.ttf ... 
2022-08-19 07:34:50 +0000  25552 bytes for ./Payload/ontologyConflictSolver.app/Zocial.ttf
2022-08-19 07:34:50 +0000  copying file ./Payload/ontologyConflictSolver.app/Assets.car ... 
2022-08-19 07:34:50 +0000  596568 bytes for ./Payload/ontologyConflictSolver.app/Assets.car
2022-08-19 07:34:50 +0000  copying file ./Payload/ontologyConflictSolver.app/EvilIcons.ttf ... 
2022-08-19 07:34:50 +0000  13456 bytes for ./Payload/ontologyConflictSolver.app/EvilIcons.ttf
copying file ./Payload/ontologyConflictSolver.app/main.jsbundle ... 
2022-08-19 07:34:50 +0000  3368278 bytes for ./Payload/ontologyConflictSolver.app/main.jsbundle
2022-08-19 07:34:50 +0000  copying file ./Payload/ontologyConflictSolver.app/Frameworks/OpenSSL.framework/_CodeSignature/CodeResources ... 
1798 bytes for ./Payload/ontologyConflictSolver.app/Frameworks/OpenSSL.framework/_CodeSignature/CodeResources
2022-08-19 07:34:50 +0000  copying file ./Payload/ontologyConflictSolver.app/Frameworks/OpenSSL.framework/OpenSSL ... 
2022-08-19 07:34:50 +0000  2561024 bytes for ./Payload/ontologyConflictSolver.app/Frameworks/OpenSSL.framework/OpenSSL
2022-08-19 07:34:50 +0000  copying file ./Payload/ontologyConflictSolver.app/Frameworks/OpenSSL.framework/Info.plist ... 
716 bytes for ./Payload/ontologyConflictSolver.app/Frameworks/OpenSSL.framework/Info.plist
copying file ./Payload/ontologyConflictSolver.app/SimpleLineIcons.ttf ... 
2022-08-19 07:34:50 +0000  54056 bytes for ./Payload/ontologyConflictSolver.app/SimpleLineIcons.ttf
2022-08-19 07:34:50 +0000  copying file ./Payload/ontologyConflictSolver.app/embedded.mobileprovision ... 
2022-08-19 07:34:50 +0000  20499 bytes for ./Payload/ontologyConflictSolver.app/embedded.mobileprovision
2022-08-19 07:34:50 +0000  copying file ./Payload/ontologyConflictSolver.app/assets/app/assets/images/ok.png ... 
2022-08-19 07:34:50 +0000  2269 bytes for ./Payload/ontologyConflictSolver.app/assets/app/assets/images/ok.png
2022-08-19 07:34:50 +0000  copying file ./Payload/ontologyConflictSolver.app/assets/app/assets/images/logo.png ... 
2022-08-19 07:34:50 +0000  30142 bytes for ./Payload/ontologyConflictSolver.app/assets/app/assets/images/logo.png
2022-08-19 07:34:50 +0000  copying file ./Payload/ontologyConflictSolver.app/assets/app/assets/images/noimage.png ... 
1314 bytes for ./Payload/ontologyConflictSolver.app/assets/app/assets/images/noimage.png
2022-08-19 07:34:50 +0000  copying file ./Payload/ontologyConflictSolver.app/assets/app.json ... 
75 bytes for ./Payload/ontologyConflictSolver.app/assets/app.json
2022-08-19 07:34:50 +0000  copying file ./Payload/ontologyConflictSolver.app/assets/node_modules/css-tree/package.json ... 
2022-08-19 07:34:50 +0000  1977 bytes for ./Payload/ontologyConflictSolver.app/assets/node_modules/css-tree/package.json
copying file ./Payload/ontologyConflictSolver.app/assets/node_modules/css-tree/data/patch.json ... 
2022-08-19 07:34:50 +0000  38458 bytes for ./Payload/ontologyConflictSolver.app/assets/node_modules/css-tree/data/patch.json
2022-08-19 07:34:50 +0000  copying file ./Payload/ontologyConflictSolver.app/assets/node_modules/dom-serializer/foreignNames.json ... 
3149 bytes for ./Payload/ontologyConflictSolver.app/assets/node_modules/dom-serializer/foreignNames.json
2022-08-19 07:34:50 +0000  copying file ./Payload/ontologyConflictSolver.app/assets/node_modules/react-navigation-stack/lib/module/vendor/views/assets/back-icon@3x.png ... 
2022-08-19 07:34:50 +0000  761 bytes for ./Payload/ontologyConflictSolver.app/assets/node_modules/react-navigation-stack/lib/module/vendor/views/assets/back-icon@3x.png
copying file ./Payload/ontologyConflictSolver.app/assets/node_modules/react-navigation-stack/lib/module/vendor/views/assets/back-icon@2x.png ... 
2022-08-19 07:34:50 +0000  405 bytes for ./Payload/ontologyConflictSolver.app/assets/node_modules/react-navigation-stack/lib/module/vendor/views/assets/back-icon@2x.png
copying file ./Payload/ontologyConflictSolver.app/assets/node_modules/react-navigation-stack/lib/module/vendor/views/assets/back-icon.png ... 
290 bytes for ./Payload/ontologyConflictSolver.app/assets/node_modules/react-navigation-stack/lib/module/vendor/views/assets/back-icon.png
copying file ./Payload/ontologyConflictSolver.app/assets/node_modules/react-navigation-stack/lib/module/vendor/views/assets/back-icon-mask.png ... 
2022-08-19 07:34:50 +0000  913 bytes for ./Payload/ontologyConflictSolver.app/assets/node_modules/react-navigation-stack/lib/module/vendor/views/assets/back-icon-mask.png
2022-08-19 07:34:50 +0000  copying file ./Payload/ontologyConflictSolver.app/assets/node_modules/css-select/lib/procedure.json ... 
145 bytes for ./Payload/ontologyConflictSolver.app/assets/node_modules/css-select/lib/procedure.json
2022-08-19 07:34:50 +0000  copying file ./Payload/ontologyConflictSolver.app/assets/node_modules/react-native-paper/src/assets/back-chevron.png ... 
489 bytes for ./Payload/ontologyConflictSolver.app/assets/node_modules/react-native-paper/src/assets/back-chevron.png
2022-08-19 07:34:50 +0000  copying file ./Payload/ontologyConflictSolver.app/assets/node_modules/react-native-vector-icons/glyphmaps/FontAwesome5Free_meta.json ... 
2022-08-19 07:34:50 +0000  26240 bytes for ./Payload/ontologyConflictSolver.app/assets/node_modules/react-native-vector-icons/glyphmaps/FontAwesome5Free_meta.json
copying file ./Payload/ontologyConflictSolver.app/assets/node_modules/react-native-vector-icons/glyphmaps/FontAwesome.json ... 
2022-08-19 07:34:50 +0000  17437 bytes for ./Payload/ontologyConflictSolver.app/assets/node_modules/react-native-vector-icons/glyphmaps/FontAwesome.json
copying file ./Payload/ontologyConflictSolver.app/assets/node_modules/react-native-vector-icons/glyphmaps/AntDesign.json ... 
2022-08-19 07:34:50 +0000  6303 bytes for ./Payload/ontologyConflictSolver.app/assets/node_modules/react-native-vector-icons/glyphmaps/AntDesign.json
copying file ./Payload/ontologyConflictSolver.app/assets/node_modules/react-native-vector-icons/glyphmaps/FontAwesome5Free.json ... 
2022-08-19 07:34:50 +0000  30175 bytes for ./Payload/ontologyConflictSolver.app/assets/node_modules/react-native-vector-icons/glyphmaps/FontAwesome5Free.json
2022-08-19 07:34:50 +0000  copying file ./Payload/ontologyConflictSolver.app/assets/node_modules/react-native-vector-icons/glyphmaps/MaterialCommunityIcons.json ... 
2022-08-19 07:34:50 +0000  97065 bytes for ./Payload/ontologyConflictSolver.app/assets/node_modules/react-native-vector-icons/glyphmaps/MaterialCommunityIcons.json
2022-08-19 07:34:50 +0000  copying file ./Payload/ontologyConflictSolver.app/assets/node_modules/mdn-data/css/at-rules.json ... 
2022-08-19 07:34:50 +0000  16632 bytes for ./Payload/ontologyConflictSolver.app/assets/node_modules/mdn-data/css/at-rules.json
2022-08-19 07:34:50 +0000  copying file ./Payload/ontologyConflictSolver.app/assets/node_modules/mdn-data/css/properties.json ... 
2022-08-19 07:34:50 +0000  265782 bytes for ./Payload/ontologyConflictSolver.app/assets/node_modules/mdn-data/css/properties.json
copying file ./Payload/ontologyConflictSolver.app/assets/node_modules/mdn-data/css/syntaxes.json ... 
2022-08-19 07:34:50 +0000  26634 bytes for ./Payload/ontologyConflictSolver.app/assets/node_modules/mdn-data/css/syntaxes.json
2022-08-19 07:34:50 +0000  copying file ./Payload/ontologyConflictSolver.app/assets/node_modules/entities/lib/maps/xml.json ... 
2022-08-19 07:34:50 +0000  53 bytes for ./Payload/ontologyConflictSolver.app/assets/node_modules/entities/lib/maps/xml.json
copying file ./Payload/ontologyConflictSolver.app/assets/node_modules/entities/lib/maps/decode.json ... 
2022-08-19 07:34:50 +0000  299 bytes for ./Payload/ontologyConflictSolver.app/assets/node_modules/entities/lib/maps/decode.json
copying file ./Payload/ontologyConflictSolver.app/assets/node_modules/entities/lib/maps/entities.json ... 
2022-08-19 07:34:50 +0000  32977 bytes for ./Payload/ontologyConflictSolver.app/assets/node_modules/entities/lib/maps/entities.json
2022-08-19 07:34:50 +0000  copying file ./Payload/ontologyConflictSolver.app/assets/node_modules/entities/lib/maps/legacy.json ... 
2022-08-19 07:34:50 +0000  1356 bytes for ./Payload/ontologyConflictSolver.app/assets/node_modules/entities/lib/maps/legacy.json
copying file ./Payload/ontologyConflictSolver.app/Info.plist ... 
2022-08-19 07:34:50 +0000  1929 bytes for ./Payload/ontologyConflictSolver.app/Info.plist
copying file ./Payload/ontologyConflictSolver.app/ontologyConflictSolver ... 
2022-08-19 07:34:50 +0000  6710480 bytes for ./Payload/ontologyConflictSolver.app/ontologyConflictSolver
copying file ./Payload/ontologyConflictSolver.app/PkgInfo ... 
2022-08-19 07:34:50 +0000  8 bytes for ./Payload/ontologyConflictSolver.app/PkgInfo
copying file ./Payload/ontologyConflictSolver.app/MaterialIcons.ttf ... 
2022-08-19 07:34:50 +0000  128180 bytes for ./Payload/ontologyConflictSolver.app/MaterialIcons.ttf
2022-08-19 07:34:50 +0000  /usr/bin/ditto exited with 0
2022-08-19 07:34:50 +0000  Processing step: IDEDistributionAppStoreInformationStep
2022-08-19 07:34:50 +0000  Skipping step: IDEDistributionAppStoreInformationStep because it said so
2022-08-19 07:34:50 +0000  Processing step: IDEDistributionGenerateProcessedDistributionItems
2022-08-19 07:34:50 +0000  IDEDistributionItem init <DVTFilePath:0x7fcb7cb8bc50:'/var/folders/ys/mh0lw3jd3t9_0xjzj0rlvyy80000gn/T/XcodeDistPipeline.~~~CA1KKR/Root/Payload/ontologyConflictSolver.app/Frameworks/OpenSSL.framework'>
2022-08-19 07:34:50 +0000  IDEDistributionItem init <DVTFilePath:0x7fcb7c95d4c0:'/var/folders/ys/mh0lw3jd3t9_0xjzj0rlvyy80000gn/T/XcodeDistPipeline.~~~CA1KKR/Root/Payload/ontologyConflictSolver.app'>
2022-08-19 07:34:50 +0000  Processing step: IDEDistributionCreateManifestStep
